* using log directory ‘/Users/molliebrooks/Desktop/DTU_postdoc/Fiskeriteknologi/selfisher/selfisher.Rcheck’
* using R version 3.6.3 (2020-02-29)
* using platform: x86_64-apple-darwin15.6.0 (64-bit)
* using session charset: UTF-8
* checking for file ‘selfisher/DESCRIPTION’ ... OK
* this is package ‘selfisher’ version ‘0.2.0’
* checking package namespace information ... OK
* checking package dependencies ... OK
* checking if this is a source package ... WARNING
Subdirectory ‘src’ contains:
  selfisher.o-0b10ec51
These are unlikely file names for src files.
* checking if there is a namespace ... OK
* checking for executable files ... OK
* checking for hidden files and directories ... OK
* checking for portable file names ... OK
* checking for sufficient/correct file permissions ... OK
* checking whether package ‘selfisher’ can be installed ... OK
* checking installed package size ... NOTE
  installed size is 20.0Mb
  sub-directories of 1Mb or more:
    libs  19.5Mb
* checking package directory ... OK
* checking ‘build’ directory ... OK
* checking DESCRIPTION meta-information ... OK
* checking top-level files ... OK
* checking for left-over files ... OK
* checking index information ... OK
* checking package subdirectories ... OK
* checking R files for non-ASCII characters ... OK
* checking R files for syntax errors ... OK
* checking whether the package can be loaded ... OK
* checking whether the package can be loaded with stated dependencies ... OK
* checking whether the package can be unloaded cleanly ... OK
* checking whether the namespace can be loaded with stated dependencies ... OK
* checking whether the namespace can be unloaded cleanly ... OK
* checking dependencies in R code ... OK
* checking S3 generic/method consistency ... OK
* checking replacement functions ... OK
* checking foreign function calls ... OK
* checking R code for possible problems ... NOTE
predict.selfisher: warning in mkTMBStruc(rformula =
  RHSForm(omi$allForm$rformula, as.form = TRUE), pformula =
  omi$allForm$pformula, dformula = omi$allForm$dformula, combForm =
  omi$allForm$combForm, mf = mf, fr = augFr, yobs = yobs, total =
  model.total(augFr), family = omi$familyStr, link = omi$link, psplit =
  omi$psplit, Lp = omi$Lp, pPredictCode = PredNm, doPredict =
  as.integer(se.fit), whichPredict = w): partial argument match of
  'link' to 'link_char'
GMRFmarginal: no visible global function definition for ‘as’
bootSel: no visible global function definition for ‘runif’
bootSel : <anonymous>: no visible global function definition for
  ‘rmultinom’
bootSel : <local> : <anonymous>: no visible global function definition
  for ‘str’
bootSel: no visible global function definition for ‘model.frame’
confint.selfisher: no visible binding for global variable ‘sigma’
confint.selfisher : FUN: no visible global function definition for
  ‘tmbroot’
confint.selfisher: no visible global function definition for ‘profile’
llikAIC: no visible global function definition for ‘na.omit’
predict.selfisher: no visible binding for global variable ‘na.pass’
read_in_haul: no visible global function definition for ‘read.table’
Undefined global functions or variables:
  as model.frame na.omit na.pass profile read.table rmultinom runif
  sigma str tmbroot
Consider adding
  importFrom("methods", "as")
  importFrom("stats", "model.frame", "na.omit", "na.pass", "profile",
             "rmultinom", "runif", "sigma")
  importFrom("utils", "read.table", "str")
to your NAMESPACE file (and ensure that your DESCRIPTION Imports field
contains 'methods').
* checking Rd files ... OK
* checking Rd metadata ... OK
* checking Rd cross-references ... WARNING
Missing link or links in documentation object 'confint.selfisher.Rd':
  ‘profile.selMod’

See section 'Cross-references' in the 'Writing R Extensions' manual.

* checking for missing documentation entries ... WARNING
Undocumented code objects:
  ‘ccmhsampdat’ ‘ccmhsdat’ ‘ccmhtwdat’ ‘haddock’ ‘link.selfisher’
Undocumented data sets:
  ‘ccmhsampdat’ ‘ccmhsdat’ ‘ccmhtwdat’ ‘haddock’
All user-level objects in a package should have documentation entries.
See chapter ‘Writing R documentation files’ in the ‘Writing R
Extensions’ manual.
* checking for code/documentation mismatches ... OK
* checking Rd \usage sections ... WARNING
Undocumented arguments in documentation object 'bootSel'
  ‘verbose’ ‘.progress’ ‘PBargs’ ‘parallel’ ‘ncpus’ ‘cl’

Undocumented arguments in documentation object 'predict.selfisher'
  ‘na.action’

Undocumented arguments in documentation object 'refit.selfisher'
  ‘...’

Undocumented arguments in documentation object 'selfisher'
  ‘offset’

Functions with \usage entries need to have the appropriate \alias
entries, and all their arguments documented.
The \usage entries must correspond to syntactically valid R code.
See chapter ‘Writing R documentation files’ in the ‘Writing R
Extensions’ manual.
* checking Rd contents ... OK
* checking for unstated dependencies in examples ... OK
* checking contents of ‘data’ directory ... OK
* checking data for non-ASCII characters ... OK
* checking data for ASCII and uncompressed saves ... OK
* checking line endings in C/C++/Fortran sources/headers ... OK
* checking compiled code ... OK
* checking installed files from ‘inst/doc’ ... OK
* checking files in ‘vignettes’ ... OK
* checking examples ... ERROR
Running examples in ‘selfisher-Ex.R’ failed
The error most likely occurred in:

> ### Name: fixef
> ### Title: Extract fixed-effects estimates
> ### Aliases: fixef fixef.selfisher
> ### Keywords: models
> 
> ### ** Examples
> 
> data(haddock)
> dat=transform(haddock, tot=nfine+nwide, prop=nwide/(nfine+nwide))
> fixef(selfisher(prop~Lengths, p=~1, psplit=TRUE, total=tot, dat))
Error in selfisher(prop ~ Lengths, p = ~1, psplit = TRUE, total = tot,  : 
  argument 2 matches multiple formal arguments
Calls: fixef
Execution halted
* checking for unstated dependencies in ‘tests’ ... OK
* checking tests ... OK
  Running ‘AAAtest-all.R’
* checking for unstated dependencies in vignettes ... NOTE
'library' or 'require' call not declared from: ‘plyr’
* checking package vignettes in ‘inst/doc’ ... OK
* checking running R code from vignettes ... NONE
  ‘bootstrap.rmd’using ‘UTF-8’... OK
  ‘catch_comparison_subsampling.rmd’using ‘UTF-8’... OK
  ‘simple.rmd’using ‘UTF-8’... OK
  ‘troubleshooting.rmd’using ‘UTF-8’... OK
* checking re-building of vignette outputs ... OK
* checking PDF version of manual ... OK
* DONE
Status: 1 ERROR, 4 WARNINGs, 3 NOTEs
