* installing *source* package ‘selfisher’ ...
** using staged installation
** libs
clang++ -std=gnu++11 -I"/Library/Frameworks/R.framework/Resources/include" -DNDEBUG  -I"/Library/Frameworks/R.framework/Versions/3.6/Resources/library/TMB/include" -I"/Library/Frameworks/R.framework/Versions/3.6/Resources/library/RcppEigen/include" -isysroot /Library/Developer/CommandLineTools/SDKs/MacOSX.sdk -I/usr/local/opt/llvm/include  -fPIC  -isysroot /Library/Developer/CommandLineTools/SDKs/MacOSX.sdk -c selfisher.cpp -o selfisher.o
In file included from selfisher.cpp:2:
In file included from /Library/Frameworks/R.framework/Versions/3.6/Resources/library/TMB/include/TMB.hpp:53:
In file included from /Library/Frameworks/R.framework/Versions/3.6/Resources/library/RcppEigen/include/Eigen/Dense:1:
In file included from /Library/Frameworks/R.framework/Versions/3.6/Resources/library/RcppEigen/include/Eigen/Core:535:
/Library/Frameworks/R.framework/Versions/3.6/Resources/library/RcppEigen/include/Eigen/src/Core/util/ReenableStupidWarnings.h:10:30: warning: pragma diagnostic pop could not pop, no matching push [-Wunknown-pragmas]
    #pragma clang diagnostic pop
                             ^
In file included from selfisher.cpp:2:
In file included from /Library/Frameworks/R.framework/Versions/3.6/Resources/library/TMB/include/TMB.hpp:53:
In file included from /Library/Frameworks/R.framework/Versions/3.6/Resources/library/RcppEigen/include/Eigen/Dense:2:
In file included from /Library/Frameworks/R.framework/Versions/3.6/Resources/library/RcppEigen/include/Eigen/LU:47:
/Library/Frameworks/R.framework/Versions/3.6/Resources/library/RcppEigen/include/Eigen/src/Core/util/ReenableStupidWarnings.h:10:30: warning: pragma diagnostic pop could not pop, no matching push [-Wunknown-pragmas]
    #pragma clang diagnostic pop
                             ^
In file included from selfisher.cpp:2:
In file included from /Library/Frameworks/R.framework/Versions/3.6/Resources/library/TMB/include/TMB.hpp:53:
In file included from /Library/Frameworks/R.framework/Versions/3.6/Resources/library/RcppEigen/include/Eigen/Dense:3:
In file included from /Library/Frameworks/R.framework/Versions/3.6/Resources/library/RcppEigen/include/Eigen/Cholesky:12:
In file included from /Library/Frameworks/R.framework/Versions/3.6/Resources/library/RcppEigen/include/Eigen/Jacobi:29:
/Library/Frameworks/R.framework/Versions/3.6/Resources/library/RcppEigen/include/Eigen/src/Core/util/ReenableStupidWarnings.h:10:30: warning: pragma diagnostic pop could not pop, no matching push [-Wunknown-pragmas]
    #pragma clang diagnostic pop
                             ^
In file included from selfisher.cpp:2:
In file included from /Library/Frameworks/R.framework/Versions/3.6/Resources/library/TMB/include/TMB.hpp:53:
In file included from /Library/Frameworks/R.framework/Versions/3.6/Resources/library/RcppEigen/include/Eigen/Dense:3:
In file included from /Library/Frameworks/R.framework/Versions/3.6/Resources/library/RcppEigen/include/Eigen/Cholesky:43:
/Library/Frameworks/R.framework/Versions/3.6/Resources/library/RcppEigen/include/Eigen/src/Core/util/ReenableStupidWarnings.h:10:30: warning: pragma diagnostic pop could not pop, no matching push [-Wunknown-pragmas]
    #pragma clang diagnostic pop
                             ^
In file included from selfisher.cpp:2:
In file included from /Library/Frameworks/R.framework/Versions/3.6/Resources/library/TMB/include/TMB.hpp:53:
In file included from /Library/Frameworks/R.framework/Versions/3.6/Resources/library/RcppEigen/include/Eigen/Dense:4:
In file included from /Library/Frameworks/R.framework/Versions/3.6/Resources/library/RcppEigen/include/Eigen/QR:17:
In file included from /Library/Frameworks/R.framework/Versions/3.6/Resources/library/RcppEigen/include/Eigen/Householder:27:
/Library/Frameworks/R.framework/Versions/3.6/Resources/library/RcppEigen/include/Eigen/src/Core/util/ReenableStupidWarnings.h:10:30: warning: pragma diagnostic pop could not pop, no matching push [-Wunknown-pragmas]
    #pragma clang diagnostic pop
                             ^
In file included from selfisher.cpp:2:
In file included from /Library/Frameworks/R.framework/Versions/3.6/Resources/library/TMB/include/TMB.hpp:53:
In file included from /Library/Frameworks/R.framework/Versions/3.6/Resources/library/RcppEigen/include/Eigen/Dense:5:
In file included from /Library/Frameworks/R.framework/Versions/3.6/Resources/library/RcppEigen/include/Eigen/SVD:48:
/Library/Frameworks/R.framework/Versions/3.6/Resources/library/RcppEigen/include/Eigen/src/Core/util/ReenableStupidWarnings.h:10:30: warning: pragma diagnostic pop could not pop, no matching push [-Wunknown-pragmas]
    #pragma clang diagnostic pop
                             ^
In file included from selfisher.cpp:2:
In file included from /Library/Frameworks/R.framework/Versions/3.6/Resources/library/TMB/include/TMB.hpp:53:
In file included from /Library/Frameworks/R.framework/Versions/3.6/Resources/library/RcppEigen/include/Eigen/Dense:6:
In file included from /Library/Frameworks/R.framework/Versions/3.6/Resources/library/RcppEigen/include/Eigen/Geometry:58:
/Library/Frameworks/R.framework/Versions/3.6/Resources/library/RcppEigen/include/Eigen/src/Core/util/ReenableStupidWarnings.h:10:30: warning: pragma diagnostic pop could not pop, no matching push [-Wunknown-pragmas]
    #pragma clang diagnostic pop
                             ^
In file included from selfisher.cpp:2:
In file included from /Library/Frameworks/R.framework/Versions/3.6/Resources/library/TMB/include/TMB.hpp:53:
In file included from /Library/Frameworks/R.framework/Versions/3.6/Resources/library/RcppEigen/include/Eigen/Dense:7:
In file included from /Library/Frameworks/R.framework/Versions/3.6/Resources/library/RcppEigen/include/Eigen/Eigenvalues:58:
/Library/Frameworks/R.framework/Versions/3.6/Resources/library/RcppEigen/include/Eigen/src/Core/util/ReenableStupidWarnings.h:10:30: warning: pragma diagnostic pop could not pop, no matching push [-Wunknown-pragmas]
    #pragma clang diagnostic pop
                             ^
In file included from selfisher.cpp:2:
In file included from /Library/Frameworks/R.framework/Versions/3.6/Resources/library/TMB/include/TMB.hpp:54:
In file included from /Library/Frameworks/R.framework/Versions/3.6/Resources/library/RcppEigen/include/Eigen/Sparse:26:
In file included from /Library/Frameworks/R.framework/Versions/3.6/Resources/library/RcppEigen/include/Eigen/SparseCore:66:
/Library/Frameworks/R.framework/Versions/3.6/Resources/library/RcppEigen/include/Eigen/src/Core/util/ReenableStupidWarnings.h:10:30: warning: pragma diagnostic pop could not pop, no matching push [-Wunknown-pragmas]
    #pragma clang diagnostic pop
                             ^
In file included from selfisher.cpp:2:
In file included from /Library/Frameworks/R.framework/Versions/3.6/Resources/library/TMB/include/TMB.hpp:54:
In file included from /Library/Frameworks/R.framework/Versions/3.6/Resources/library/RcppEigen/include/Eigen/Sparse:27:
In file included from /Library/Frameworks/R.framework/Versions/3.6/Resources/library/RcppEigen/include/Eigen/OrderingMethods:71:
/Library/Frameworks/R.framework/Versions/3.6/Resources/library/RcppEigen/include/Eigen/src/Core/util/ReenableStupidWarnings.h:10:30: warning: pragma diagnostic pop could not pop, no matching push [-Wunknown-pragmas]
    #pragma clang diagnostic pop
                             ^
In file included from selfisher.cpp:2:
In file included from /Library/Frameworks/R.framework/Versions/3.6/Resources/library/TMB/include/TMB.hpp:54:
In file included from /Library/Frameworks/R.framework/Versions/3.6/Resources/library/RcppEigen/include/Eigen/Sparse:29:
In file included from /Library/Frameworks/R.framework/Versions/3.6/Resources/library/RcppEigen/include/Eigen/SparseCholesky:43:
/Library/Frameworks/R.framework/Versions/3.6/Resources/library/RcppEigen/include/Eigen/src/Core/util/ReenableStupidWarnings.h:10:30: warning: pragma diagnostic pop could not pop, no matching push [-Wunknown-pragmas]
    #pragma clang diagnostic pop
                             ^
In file included from selfisher.cpp:2:
In file included from /Library/Frameworks/R.framework/Versions/3.6/Resources/library/TMB/include/TMB.hpp:54:
In file included from /Library/Frameworks/R.framework/Versions/3.6/Resources/library/RcppEigen/include/Eigen/Sparse:32:
In file included from /Library/Frameworks/R.framework/Versions/3.6/Resources/library/RcppEigen/include/Eigen/SparseQR:35:
/Library/Frameworks/R.framework/Versions/3.6/Resources/library/RcppEigen/include/Eigen/src/Core/util/ReenableStupidWarnings.h:10:30: warning: pragma diagnostic pop could not pop, no matching push [-Wunknown-pragmas]
    #pragma clang diagnostic pop
                             ^
In file included from selfisher.cpp:2:
In file included from /Library/Frameworks/R.framework/Versions/3.6/Resources/library/TMB/include/TMB.hpp:54:
In file included from /Library/Frameworks/R.framework/Versions/3.6/Resources/library/RcppEigen/include/Eigen/Sparse:33:
In file included from /Library/Frameworks/R.framework/Versions/3.6/Resources/library/RcppEigen/include/Eigen/IterativeLinearSolvers:46:
/Library/Frameworks/R.framework/Versions/3.6/Resources/library/RcppEigen/include/Eigen/src/Core/util/ReenableStupidWarnings.h:10:30: warning: pragma diagnostic pop could not pop, no matching push [-Wunknown-pragmas]
    #pragma clang diagnostic pop
                             ^
13 warnings generated.
clang++ -std=gnu++11 -dynamiclib -Wl,-headerpad_max_install_names -undefined dynamic_lookup -single_module -multiply_defined suppress -Wl,-rpath,/Library/Frameworks/R.framework/Resources/lib /Library/Frameworks/R.framework/Resources/lib/libc++abi.1.dylib -L/Library/Frameworks/R.framework/Resources/lib -L/usr/local/lib -o selfisher.so selfisher.o -F/Library/Frameworks/R.framework/.. -framework R -Wl,-framework -Wl,CoreFoundation
installing to /Users/molliebrooks/Desktop/DTU_postdoc/Fiskeriteknologi/selfisher/selfisher.Rcheck/00LOCK-selfisher/00new/selfisher/libs
** R
** data
*** moving datasets to lazyload DB
** inst
** byte-compile and prepare package for lazy loading
** help
*** installing help indices
** building package indices
** installing vignettes
** testing if installed package can be loaded from temporary location
** checking absolute paths in shared objects and dynamic libraries
** testing if installed package can be loaded from final location
** testing if installed package keeps a record of temporary installation path
* DONE (selfisher)
